<?xml version="1.0" encoding="UTF-8"?>
<!-- Generated by org.testng.reporters.JUnitReportReporter -->
<testsuite skipped="0" hostname="DFRFRM0305721" name="com.webapi.citylinks.GetCityLinks" tests="1" failures="0" timestamp="21 Dec 2017 15:08:48 GMT" time="1.733" errors="0">
  <testcase name="GetAllCityLinksByMetroName" time="1.733" classname="com.webapi.citylinks.GetCityLinks"/>
</testsuite> <!-- com.webapi.citylinks.GetCityLinks -->
