<?xml version="1.0" encoding="UTF-8"?>
<!-- Generated by org.testng.reporters.JUnitReportReporter -->
<testsuite skipped="0" hostname="DFRFRM0305721" name="com.webapi.citylinks.GetCityLinks" tests="1" failures="0" timestamp="02 Jan 2018 16:54:04 GMT" time="1.744" errors="0">
  <testcase name="GetAllCityLinksByMetroName" time="1.744" classname="com.webapi.citylinks.GetCityLinks"/>
</testsuite> <!-- com.webapi.citylinks.GetCityLinks -->
